빌드 시작: 2016-04-28 오후 7:31:00
     1>2 노드의 "C:\Users\jeonghoon\documents\visual studio 2010\Projects\extendedRobotArm\extendedRobotArm.vcxproj" 프로젝트(build 대상)입니다.
     1>InitializeBuildStatus:
         "AlwaysCreate"이(가) 지정되었기 때문에 "Debug\extendedRobotArm.unsuccessfulbuild"을(를) 만들고 있습니다.
       ClCompile:
         C:\Program Files (x86)\Microsoft Visual Studio 10.0\VC\bin\CL.exe /c /ZI /nologo /W3 /WX- /Od /Oy- /D WIN32 /D _DEBUG /D _CONSOLE /D _UNICODE /D UNICODE /Gm /EHsc /RTC1 /MDd /GS /fp:precise /Zc:wchar_t /Zc:forScope /Fo"Debug\\" /Fd"Debug\vc100.pdb" /Gd /TP /analyze- /errorReport:prompt extendedRobotArm.cpp
         extendedRobotArm.cpp
     1>c:\users\jeonghoon\documents\visual studio 2010\projects\extendedrobotarm\extendedrobotarm.cpp(19): warning C4305: '인수' : 'double'에서 'GLfloat'(으)로 잘립니다.
     1>c:\users\jeonghoon\documents\visual studio 2010\projects\extendedrobotarm\extendedrobotarm.cpp(19): warning C4305: '인수' : 'double'에서 'GLfloat'(으)로 잘립니다.
     1>c:\users\jeonghoon\documents\visual studio 2010\projects\extendedrobotarm\extendedrobotarm.cpp(19): warning C4305: '인수' : 'double'에서 'GLfloat'(으)로 잘립니다.
     1>c:\users\jeonghoon\documents\visual studio 2010\projects\extendedrobotarm\extendedrobotarm.cpp(23): warning C4305: '인수' : 'double'에서 'GLfloat'(으)로 잘립니다.
     1>c:\users\jeonghoon\documents\visual studio 2010\projects\extendedrobotarm\extendedrobotarm.cpp(28): warning C4305: '인수' : 'double'에서 'GLfloat'(으)로 잘립니다.
     1>c:\users\jeonghoon\documents\visual studio 2010\projects\extendedrobotarm\extendedrobotarm.cpp(28): warning C4305: '인수' : 'double'에서 'GLfloat'(으)로 잘립니다.
     1>c:\users\jeonghoon\documents\visual studio 2010\projects\extendedrobotarm\extendedrobotarm.cpp(28): warning C4305: '인수' : 'double'에서 'GLfloat'(으)로 잘립니다.
     1>c:\users\jeonghoon\documents\visual studio 2010\projects\extendedrobotarm\extendedrobotarm.cpp(32): warning C4305: '인수' : 'double'에서 'GLfloat'(으)로 잘립니다.
     1>c:\users\jeonghoon\documents\visual studio 2010\projects\extendedrobotarm\extendedrobotarm.cpp(37): warning C4305: '인수' : 'double'에서 'GLfloat'(으)로 잘립니다.
     1>c:\users\jeonghoon\documents\visual studio 2010\projects\extendedrobotarm\extendedrobotarm.cpp(37): warning C4305: '인수' : 'double'에서 'GLfloat'(으)로 잘립니다.
     1>c:\users\jeonghoon\documents\visual studio 2010\projects\extendedrobotarm\extendedrobotarm.cpp(37): warning C4305: '인수' : 'double'에서 'GLfloat'(으)로 잘립니다.
     1>c:\users\jeonghoon\documents\visual studio 2010\projects\extendedrobotarm\extendedrobotarm.cpp(41): warning C4305: '인수' : 'double'에서 'GLfloat'(으)로 잘립니다.
     1>c:\users\jeonghoon\documents\visual studio 2010\projects\extendedrobotarm\extendedrobotarm.cpp(45): warning C4305: '인수' : 'double'에서 'GLfloat'(으)로 잘립니다.
     1>c:\users\jeonghoon\documents\visual studio 2010\projects\extendedrobotarm\extendedrobotarm.cpp(45): warning C4305: '인수' : 'double'에서 'GLfloat'(으)로 잘립니다.
     1>c:\users\jeonghoon\documents\visual studio 2010\projects\extendedrobotarm\extendedrobotarm.cpp(92): warning C4305: '인수' : 'double'에서 'GLfloat'(으)로 잘립니다.
     1>c:\users\jeonghoon\documents\visual studio 2010\projects\extendedrobotarm\extendedrobotarm.cpp(97): warning C4305: '인수' : 'double'에서 'GLfloat'(으)로 잘립니다.
     1>c:\users\jeonghoon\documents\visual studio 2010\projects\extendedrobotarm\extendedrobotarm.cpp(97): warning C4305: '인수' : 'double'에서 'GLfloat'(으)로 잘립니다.
     1>c:\users\jeonghoon\documents\visual studio 2010\projects\extendedrobotarm\extendedrobotarm.cpp(97): warning C4305: '인수' : 'double'에서 'GLfloat'(으)로 잘립니다.
     1>c:\users\jeonghoon\documents\visual studio 2010\projects\extendedrobotarm\extendedrobotarm.cpp(101): warning C4305: '인수' : 'double'에서 'GLfloat'(으)로 잘립니다.
     1>c:\users\jeonghoon\documents\visual studio 2010\projects\extendedrobotarm\extendedrobotarm.cpp(106): warning C4305: '인수' : 'double'에서 'GLfloat'(으)로 잘립니다.
     1>c:\users\jeonghoon\documents\visual studio 2010\projects\extendedrobotarm\extendedrobotarm.cpp(106): warning C4305: '인수' : 'double'에서 'GLfloat'(으)로 잘립니다.
     1>c:\users\jeonghoon\documents\visual studio 2010\projects\extendedrobotarm\extendedrobotarm.cpp(106): warning C4305: '인수' : 'double'에서 'GLfloat'(으)로 잘립니다.
     1>c:\users\jeonghoon\documents\visual studio 2010\projects\extendedrobotarm\extendedrobotarm.cpp(110): warning C4305: '인수' : 'double'에서 'GLfloat'(으)로 잘립니다.
     1>c:\users\jeonghoon\documents\visual studio 2010\projects\extendedrobotarm\extendedrobotarm.cpp(115): warning C4305: '인수' : 'double'에서 'GLfloat'(으)로 잘립니다.
     1>c:\users\jeonghoon\documents\visual studio 2010\projects\extendedrobotarm\extendedrobotarm.cpp(115): warning C4305: '인수' : 'double'에서 'GLfloat'(으)로 잘립니다.
     1>c:\users\jeonghoon\documents\visual studio 2010\projects\extendedrobotarm\extendedrobotarm.cpp(115): warning C4305: '인수' : 'double'에서 'GLfloat'(으)로 잘립니다.
     1>c:\users\jeonghoon\documents\visual studio 2010\projects\extendedrobotarm\extendedrobotarm.cpp(119): warning C4305: '인수' : 'double'에서 'GLfloat'(으)로 잘립니다.
     1>c:\users\jeonghoon\documents\visual studio 2010\projects\extendedrobotarm\extendedrobotarm.cpp(123): warning C4305: '인수' : 'double'에서 'GLfloat'(으)로 잘립니다.
     1>c:\users\jeonghoon\documents\visual studio 2010\projects\extendedrobotarm\extendedrobotarm.cpp(123): warning C4305: '인수' : 'double'에서 'GLfloat'(으)로 잘립니다.
       ManifestResourceCompile:
         모든 출력이 최신 상태입니다.
       Link:
         C:\Program Files (x86)\Microsoft Visual Studio 10.0\VC\bin\link.exe /ERRORREPORT:PROMPT /OUT:"C:\Users\jeonghoon\documents\visual studio 2010\Projects\extendedRobotArm\Debug\extendedRobotArm.exe" /INCREMENTAL /NOLOGO opengl32.lib glut32.lib glu32.lib /MANIFEST /ManifestFile:"Debug\extendedRobotArm.exe.intermediate.manifest" /MANIFESTUAC:"level='asInvoker' uiAccess='false'" /DEBUG /PDB:"C:\Users\jeonghoon\documents\visual studio 2010\Projects\extendedRobotArm\Debug\extendedRobotArm.pdb" /SUBSYSTEM:CONSOLE /TLBID:1 /DYNAMICBASE /NXCOMPAT /IMPLIB:"C:\Users\jeonghoon\documents\visual studio 2010\Projects\extendedRobotArm\Debug\extendedRobotArm.lib" /MACHINE:X86 Debug\extendedRobotArm.exe.embed.manifest.res
         Debug\extendedRobotArm.obj
       Manifest:
         C:\Program Files (x86)\Microsoft SDKs\Windows\v7.0A\bin\mt.exe /nologo /verbose /out:"Debug\extendedRobotArm.exe.embed.manifest" /manifest Debug\extendedRobotArm.exe.intermediate.manifest
         모든 출력이 최신 상태입니다.
       LinkEmbedManifest:
         모든 출력이 최신 상태입니다.
         extendedRobotArm.vcxproj -> C:\Users\jeonghoon\documents\visual studio 2010\Projects\extendedRobotArm\Debug\extendedRobotArm.exe
       FinalizeBuildStatus:
         "Debug\extendedRobotArm.unsuccessfulbuild" 파일을 삭제하고 있습니다.
         "Debug\extendedRobotArm.lastbuildstate"에 연결(touching)하고 있습니다.
     1>"C:\Users\jeonghoon\documents\visual studio 2010\Projects\extendedRobotArm\extendedRobotArm.vcxproj" 프로젝트를 빌드했습니다(build 대상).

빌드했습니다.

경과 시간: 00:00:01.98
