빌드 시작: 2016-04-10 오전 1:10:14
     1>2 노드의 "C:\Users\jeonghoon\Documents\Visual Studio 2010\Projects\myMenuCallback\myMenuCallback.vcxproj" 프로젝트(build 대상)입니다.
     1>InitializeBuildStatus:
         "Debug\myMenuCallback.unsuccessfulbuild"에 연결(touching)하고 있습니다.
       ClCompile:
         C:\Program Files (x86)\Microsoft Visual Studio 10.0\VC\bin\CL.exe /c /ZI /nologo /W3 /WX- /Od /Oy- /D WIN32 /D _DEBUG /D _CONSOLE /D _UNICODE /D UNICODE /Gm /EHsc /RTC1 /MDd /GS /fp:precise /Zc:wchar_t /Zc:forScope /Fo"Debug\\" /Fd"Debug\vc100.pdb" /Gd /TP /analyze- /errorReport:prompt myMenuCallback.cpp
         myMenuCallback.cpp
       ManifestResourceCompile:
         모든 출력이 최신 상태입니다.
       Link:
         C:\Program Files (x86)\Microsoft Visual Studio 10.0\VC\bin\link.exe /ERRORREPORT:PROMPT /OUT:"C:\Users\jeonghoon\Documents\Visual Studio 2010\Projects\myMenuCallback\Debug\myMenuCallback.exe" /INCREMENTAL /NOLOGO opengl32.lib glut32.lib glu32.lib /MANIFEST /ManifestFile:"Debug\myMenuCallback.exe.intermediate.manifest" /MANIFESTUAC:"level='asInvoker' uiAccess='false'" /DEBUG /PDB:"C:\Users\jeonghoon\Documents\Visual Studio 2010\Projects\myMenuCallback\Debug\myMenuCallback.pdb" /SUBSYSTEM:CONSOLE /TLBID:1 /DYNAMICBASE /NXCOMPAT /IMPLIB:"C:\Users\jeonghoon\Documents\Visual Studio 2010\Projects\myMenuCallback\Debug\myMenuCallback.lib" /MACHINE:X86 Debug\myMenuCallback.exe.embed.manifest.res
         Debug\myMenuCallback.obj
       Manifest:
         C:\Program Files (x86)\Microsoft SDKs\Windows\v7.0A\bin\mt.exe /nologo /verbose /out:"Debug\myMenuCallback.exe.embed.manifest" /manifest Debug\myMenuCallback.exe.intermediate.manifest
         모든 출력이 최신 상태입니다.
       LinkEmbedManifest:
         모든 출력이 최신 상태입니다.
         myMenuCallback.vcxproj -> C:\Users\jeonghoon\Documents\Visual Studio 2010\Projects\myMenuCallback\Debug\myMenuCallback.exe
       FinalizeBuildStatus:
         "Debug\myMenuCallback.unsuccessfulbuild" 파일을 삭제하고 있습니다.
         "Debug\myMenuCallback.lastbuildstate"에 연결(touching)하고 있습니다.
     1>"C:\Users\jeonghoon\Documents\Visual Studio 2010\Projects\myMenuCallback\myMenuCallback.vcxproj" 프로젝트를 빌드했습니다(build 대상).

빌드했습니다.

경과 시간: 00:00:02.10
