빌드 시작: 2016-03-31 오후 5:55:51
     1>2 노드의 "c:\Users\jeonghoon\documents\visual studio 2010\Projects\usingGeometricTransform\usingGeometricTransform.vcxproj" 프로젝트(build 대상)입니다.
     1>InitializeBuildStatus:
         "AlwaysCreate"이(가) 지정되었기 때문에 "Debug\usingGeometricTransform.unsuccessfulbuild"을(를) 만들고 있습니다.
       ClCompile:
         C:\Program Files (x86)\Microsoft Visual Studio 10.0\VC\bin\CL.exe /c /ZI /nologo /W3 /WX- /Od /Oy- /D WIN32 /D _DEBUG /D _CONSOLE /D _UNICODE /D UNICODE /Gm /EHsc /RTC1 /MDd /GS /fp:precise /Zc:wchar_t /Zc:forScope /Fo"Debug\\" /Fd"Debug\vc100.pdb" /Gd /TP /analyze- /errorReport:prompt usingGeometricTransform.cpp
         usingGeometricTransform.cpp
       ManifestResourceCompile:
         C:\Program Files (x86)\Microsoft SDKs\Windows\v7.0A\bin\rc.exe /nologo /fo"Debug\usingGeometricTransform.exe.embed.manifest.res" Debug\usingGeometricTransform_manifest.rc 
       Link:
         C:\Program Files (x86)\Microsoft Visual Studio 10.0\VC\bin\link.exe /ERRORREPORT:PROMPT /OUT:"c:\users\jeonghoon\documents\visual studio 2010\Projects\usingGeometricTransform\Debug\usingGeometricTransform.exe" /INCREMENTAL /NOLOGO opengl32.lib glut32.lib glu32.lib /MANIFEST /ManifestFile:"Debug\usingGeometricTransform.exe.intermediate.manifest" /MANIFESTUAC:"level='asInvoker' uiAccess='false'" /DEBUG /PDB:"c:\users\jeonghoon\documents\visual studio 2010\Projects\usingGeometricTransform\Debug\usingGeometricTransform.pdb" /SUBSYSTEM:CONSOLE /TLBID:1 /DYNAMICBASE /NXCOMPAT /IMPLIB:"c:\users\jeonghoon\documents\visual studio 2010\Projects\usingGeometricTransform\Debug\usingGeometricTransform.lib" /MACHINE:X86 Debug\usingGeometricTransform.exe.embed.manifest.res
         Debug\usingGeometricTransform.obj
       Manifest:
         C:\Program Files (x86)\Microsoft SDKs\Windows\v7.0A\bin\mt.exe /nologo /verbose /out:"Debug\usingGeometricTransform.exe.embed.manifest" /manifest Debug\usingGeometricTransform.exe.intermediate.manifest
         C:\Program Files (x86)\Microsoft SDKs\Windows\v7.0A\bin\rc.exe /nologo /fo"Debug\usingGeometricTransform.exe.embed.manifest.res" Debug\usingGeometricTransform_manifest.rc 
       LinkEmbedManifest:
         C:\Program Files (x86)\Microsoft Visual Studio 10.0\VC\bin\link.exe /ERRORREPORT:PROMPT /OUT:"c:\users\jeonghoon\documents\visual studio 2010\Projects\usingGeometricTransform\Debug\usingGeometricTransform.exe" /INCREMENTAL /NOLOGO opengl32.lib glut32.lib glu32.lib /MANIFEST /ManifestFile:"Debug\usingGeometricTransform.exe.intermediate.manifest" /MANIFESTUAC:"level='asInvoker' uiAccess='false'" /DEBUG /PDB:"c:\users\jeonghoon\documents\visual studio 2010\Projects\usingGeometricTransform\Debug\usingGeometricTransform.pdb" /SUBSYSTEM:CONSOLE /TLBID:1 /DYNAMICBASE /NXCOMPAT /IMPLIB:"c:\users\jeonghoon\documents\visual studio 2010\Projects\usingGeometricTransform\Debug\usingGeometricTransform.lib" /MACHINE:X86 Debug\usingGeometricTransform.exe.embed.manifest.res
         Debug\usingGeometricTransform.obj
         usingGeometricTransform.vcxproj -> c:\users\jeonghoon\documents\visual studio 2010\Projects\usingGeometricTransform\Debug\usingGeometricTransform.exe
       FinalizeBuildStatus:
         "Debug\usingGeometricTransform.unsuccessfulbuild" 파일을 삭제하고 있습니다.
         "Debug\usingGeometricTransform.lastbuildstate"에 연결(touching)하고 있습니다.
     1>"c:\Users\jeonghoon\documents\visual studio 2010\Projects\usingGeometricTransform\usingGeometricTransform.vcxproj" 프로젝트를 빌드했습니다(build 대상).

빌드했습니다.

경과 시간: 00:00:03.29
