빌드 시작: 2016-04-26 오후 10:14:57
     1>2 노드의 "c:\Users\jeonghoon\documents\visual studio 2010\Projects\smallGalaxy\smallGalaxy.vcxproj" 프로젝트(build 대상)입니다.
     1>InitializeBuildStatus:
         "AlwaysCreate"이(가) 지정되었기 때문에 "Debug\smallGalaxy.unsuccessfulbuild"을(를) 만들고 있습니다.
       ClCompile:
         C:\Program Files (x86)\Microsoft Visual Studio 10.0\VC\bin\CL.exe /c /ZI /nologo /W3 /WX- /Od /Oy- /D WIN32 /D _DEBUG /D _CONSOLE /D _UNICODE /D UNICODE /Gm /EHsc /RTC1 /MDd /GS /fp:precise /Zc:wchar_t /Zc:forScope /Fo"Debug\\" /Fd"Debug\vc100.pdb" /Gd /TP /analyze- /errorReport:prompt smallGalaxy.cpp
         smallGalaxy.cpp
     1>c:\users\jeonghoon\documents\visual studio 2010\projects\smallgalaxy\smallgalaxy.cpp(21): warning C4305: '인수' : 'double'에서 'GLfloat'(으)로 잘립니다.
     1>c:\users\jeonghoon\documents\visual studio 2010\projects\smallgalaxy\smallgalaxy.cpp(25): warning C4305: '인수' : 'double'에서 'GLfloat'(으)로 잘립니다.
     1>c:\users\jeonghoon\documents\visual studio 2010\projects\smallgalaxy\smallgalaxy.cpp(25): warning C4305: '인수' : 'double'에서 'GLfloat'(으)로 잘립니다.
     1>c:\users\jeonghoon\documents\visual studio 2010\projects\smallgalaxy\smallgalaxy.cpp(28): warning C4305: '인수' : 'double'에서 'GLfloat'(으)로 잘립니다.
     1>c:\users\jeonghoon\documents\visual studio 2010\projects\smallgalaxy\smallgalaxy.cpp(30): warning C4305: '인수' : 'double'에서 'GLfloat'(으)로 잘립니다.
     1>c:\users\jeonghoon\documents\visual studio 2010\projects\smallgalaxy\smallgalaxy.cpp(30): warning C4305: '인수' : 'double'에서 'GLfloat'(으)로 잘립니다.
       ManifestResourceCompile:
         모든 출력이 최신 상태입니다.
       Link:
         C:\Program Files (x86)\Microsoft Visual Studio 10.0\VC\bin\link.exe /ERRORREPORT:PROMPT /OUT:"c:\users\jeonghoon\documents\visual studio 2010\Projects\smallGalaxy\Debug\smallGalaxy.exe" /INCREMENTAL /NOLOGO opengl32.lib glu32.lib glut32.lib /MANIFEST /ManifestFile:"Debug\smallGalaxy.exe.intermediate.manifest" /MANIFESTUAC:"level='asInvoker' uiAccess='false'" /DEBUG /PDB:"c:\users\jeonghoon\documents\visual studio 2010\Projects\smallGalaxy\Debug\smallGalaxy.pdb" /SUBSYSTEM:CONSOLE /TLBID:1 /DYNAMICBASE /NXCOMPAT /IMPLIB:"c:\users\jeonghoon\documents\visual studio 2010\Projects\smallGalaxy\Debug\smallGalaxy.lib" /MACHINE:X86 Debug\smallGalaxy.exe.embed.manifest.res
         Debug\smallGalaxy.obj
       Manifest:
         C:\Program Files (x86)\Microsoft SDKs\Windows\v7.0A\bin\mt.exe /nologo /verbose /out:"Debug\smallGalaxy.exe.embed.manifest" /manifest Debug\smallGalaxy.exe.intermediate.manifest
         모든 출력이 최신 상태입니다.
       LinkEmbedManifest:
         모든 출력이 최신 상태입니다.
         smallGalaxy.vcxproj -> c:\users\jeonghoon\documents\visual studio 2010\Projects\smallGalaxy\Debug\smallGalaxy.exe
       FinalizeBuildStatus:
         "Debug\smallGalaxy.unsuccessfulbuild" 파일을 삭제하고 있습니다.
         "Debug\smallGalaxy.lastbuildstate"에 연결(touching)하고 있습니다.
     1>"c:\Users\jeonghoon\documents\visual studio 2010\Projects\smallGalaxy\smallGalaxy.vcxproj" 프로젝트를 빌드했습니다(build 대상).

빌드했습니다.

경과 시간: 00:00:02.61
