빌드 시작: 2016-05-30 오후 3:15:57
     1>2 노드의 "C:\Users\jeonghoon\Documents\Visual Studio 2010\Projects\passTexture\passTexture.vcxproj" 프로젝트(build 대상)입니다.
     1>InitializeBuildStatus:
         "AlwaysCreate"이(가) 지정되었기 때문에 "Debug\passTexture.unsuccessfulbuild"을(를) 만들고 있습니다.
       ClCompile:
         C:\Program Files (x86)\Microsoft Visual Studio 10.0\VC\bin\CL.exe /c /ZI /nologo /W3 /WX- /Od /Oy- /D WIN32 /D _DEBUG /D _CONSOLE /D _UNICODE /D UNICODE /Gm /EHsc /RTC1 /MDd /GS /fp:precise /Zc:wchar_t /Zc:forScope /Fo"Debug\\" /Fd"Debug\vc100.pdb" /Gd /TP /analyze- /errorReport:prompt passTexture.cpp
         passTexture.cpp
       ManifestResourceCompile:
         모든 출력이 최신 상태입니다.
       Link:
         C:\Program Files (x86)\Microsoft Visual Studio 10.0\VC\bin\link.exe /ERRORREPORT:PROMPT /OUT:"C:\Users\jeonghoon\Documents\Visual Studio 2010\Projects\passTexture\Debug\passTexture.exe" /INCREMENTAL /NOLOGO opengl32.lib glut32.lib glu32.lib /MANIFEST /ManifestFile:"Debug\passTexture.exe.intermediate.manifest" /MANIFESTUAC:"level='asInvoker' uiAccess='false'" /DEBUG /PDB:"C:\Users\jeonghoon\Documents\Visual Studio 2010\Projects\passTexture\Debug\passTexture.pdb" /SUBSYSTEM:CONSOLE /TLBID:1 /DYNAMICBASE /NXCOMPAT /IMPLIB:"C:\Users\jeonghoon\Documents\Visual Studio 2010\Projects\passTexture\Debug\passTexture.lib" /MACHINE:X86 Debug\passTexture.exe.embed.manifest.res
         Debug\passTexture.obj
       Manifest:
         C:\Program Files (x86)\Microsoft SDKs\Windows\v7.0A\bin\mt.exe /nologo /verbose /out:"Debug\passTexture.exe.embed.manifest" /manifest Debug\passTexture.exe.intermediate.manifest
         모든 출력이 최신 상태입니다.
       LinkEmbedManifest:
         모든 출력이 최신 상태입니다.
         passTexture.vcxproj -> C:\Users\jeonghoon\Documents\Visual Studio 2010\Projects\passTexture\Debug\passTexture.exe
       FinalizeBuildStatus:
         "Debug\passTexture.unsuccessfulbuild" 파일을 삭제하고 있습니다.
         "Debug\passTexture.lastbuildstate"에 연결(touching)하고 있습니다.
     1>"C:\Users\jeonghoon\Documents\Visual Studio 2010\Projects\passTexture\passTexture.vcxproj" 프로젝트를 빌드했습니다(build 대상).

빌드했습니다.

경과 시간: 00:00:02.12
