빌드 시작: 2016-04-06 오후 1:55:09
     1>2 노드의 "C:\Users\jeonghoon\documents\visual studio 2010\Projects\displayCallbackAssign\displayCallbackAssign.vcxproj" 프로젝트(build 대상)입니다.
     1>InitializeBuildStatus:
         "AlwaysCreate"이(가) 지정되었기 때문에 "Debug\displayCallbackAssign.unsuccessfulbuild"을(를) 만들고 있습니다.
       ClCompile:
         C:\Program Files (x86)\Microsoft Visual Studio 10.0\VC\bin\CL.exe /c /ZI /nologo /W3 /WX- /Od /Oy- /D WIN32 /D _DEBUG /D _CONSOLE /D _UNICODE /D UNICODE /Gm /EHsc /RTC1 /MDd /GS /fp:precise /Zc:wchar_t /Zc:forScope /Fo"Debug\\" /Fd"Debug\vc100.pdb" /Gd /TP /analyze- /errorReport:prompt displaylistCallback.cpp
         displaylistCallback.cpp
     1>c:\users\jeonghoon\documents\visual studio 2010\projects\displaycallbackassign\displaylistcallback.cpp(48): warning C4305: '인수' : 'double'에서 'GLfloat'(으)로 잘립니다.
     1>c:\users\jeonghoon\documents\visual studio 2010\projects\displaycallbackassign\displaylistcallback.cpp(52): warning C4305: '인수' : 'double'에서 'GLfloat'(으)로 잘립니다.
     1>c:\users\jeonghoon\documents\visual studio 2010\projects\displaycallbackassign\displaylistcallback.cpp(56): warning C4305: '인수' : 'double'에서 'GLfloat'(으)로 잘립니다.
       ManifestResourceCompile:
         모든 출력이 최신 상태입니다.
       Link:
         C:\Program Files (x86)\Microsoft Visual Studio 10.0\VC\bin\link.exe /ERRORREPORT:PROMPT /OUT:"C:\Users\jeonghoon\documents\visual studio 2010\Projects\displayCallbackAssign\Debug\displayCallbackAssign.exe" /INCREMENTAL /NOLOGO opengl32.lib glut32.lib glu32.lib /MANIFEST /ManifestFile:"Debug\displayCallbackAssign.exe.intermediate.manifest" /MANIFESTUAC:"level='asInvoker' uiAccess='false'" /DEBUG /PDB:"C:\Users\jeonghoon\documents\visual studio 2010\Projects\displayCallbackAssign\Debug\displayCallbackAssign.pdb" /SUBSYSTEM:CONSOLE /TLBID:1 /DYNAMICBASE /NXCOMPAT /IMPLIB:"C:\Users\jeonghoon\documents\visual studio 2010\Projects\displayCallbackAssign\Debug\displayCallbackAssign.lib" /MACHINE:X86 Debug\displayCallbackAssign.exe.embed.manifest.res
         Debug\displaylistCallback.obj
       Manifest:
         C:\Program Files (x86)\Microsoft SDKs\Windows\v7.0A\bin\mt.exe /nologo /verbose /out:"Debug\displayCallbackAssign.exe.embed.manifest" /manifest Debug\displayCallbackAssign.exe.intermediate.manifest
         모든 출력이 최신 상태입니다.
       LinkEmbedManifest:
         모든 출력이 최신 상태입니다.
         displayCallbackAssign.vcxproj -> C:\Users\jeonghoon\documents\visual studio 2010\Projects\displayCallbackAssign\Debug\displayCallbackAssign.exe
       FinalizeBuildStatus:
         "Debug\displayCallbackAssign.unsuccessfulbuild" 파일을 삭제하고 있습니다.
         "Debug\displayCallbackAssign.lastbuildstate"에 연결(touching)하고 있습니다.
     1>"C:\Users\jeonghoon\documents\visual studio 2010\Projects\displayCallbackAssign\displayCallbackAssign.vcxproj" 프로젝트를 빌드했습니다(build 대상).

빌드했습니다.

경과 시간: 00:00:02.34
