빌드 시작: 2016-04-26 오전 10:09:51
     1>2 노드의 "c:\Users\jeonghoon\documents\visual studio 2010\Projects\MyPushAndPop\MyPushAndPop.vcxproj" 프로젝트(build 대상)입니다.
     1>InitializeBuildStatus:
         "Debug\MyPushAndPop.unsuccessfulbuild"에 연결(touching)하고 있습니다.
       ClCompile:
         C:\Program Files (x86)\Microsoft Visual Studio 10.0\VC\bin\CL.exe /c /ZI /nologo /W3 /WX- /Od /Oy- /D WIN32 /D _DEBUG /D _CONSOLE /D _UNICODE /D UNICODE /Gm /EHsc /RTC1 /MDd /GS /fp:precise /Zc:wchar_t /Zc:forScope /Fo"Debug\\" /Fd"Debug\vc100.pdb" /Gd /TP /analyze- /errorReport:prompt MyPushAndPop.cpp
         MyPushAndPop.cpp
       ManifestResourceCompile:
         모든 출력이 최신 상태입니다.
       Link:
         C:\Program Files (x86)\Microsoft Visual Studio 10.0\VC\bin\link.exe /ERRORREPORT:PROMPT /OUT:"c:\users\jeonghoon\documents\visual studio 2010\Projects\MyPushAndPop\Debug\MyPushAndPop.exe" /INCREMENTAL /NOLOGO opengl32.lib glut32.lib glu32.lib /MANIFEST /ManifestFile:"Debug\MyPushAndPop.exe.intermediate.manifest" /MANIFESTUAC:"level='asInvoker' uiAccess='false'" /DEBUG /PDB:"c:\users\jeonghoon\documents\visual studio 2010\Projects\MyPushAndPop\Debug\MyPushAndPop.pdb" /SUBSYSTEM:CONSOLE /TLBID:1 /DYNAMICBASE /NXCOMPAT /IMPLIB:"c:\users\jeonghoon\documents\visual studio 2010\Projects\MyPushAndPop\Debug\MyPushAndPop.lib" /MACHINE:X86 Debug\MyPushAndPop.exe.embed.manifest.res
         Debug\MyPushAndPop.obj
       Manifest:
         C:\Program Files (x86)\Microsoft SDKs\Windows\v7.0A\bin\mt.exe /nologo /verbose /out:"Debug\MyPushAndPop.exe.embed.manifest" /manifest Debug\MyPushAndPop.exe.intermediate.manifest
         모든 출력이 최신 상태입니다.
       LinkEmbedManifest:
         모든 출력이 최신 상태입니다.
         MyPushAndPop.vcxproj -> c:\users\jeonghoon\documents\visual studio 2010\Projects\MyPushAndPop\Debug\MyPushAndPop.exe
       FinalizeBuildStatus:
         "Debug\MyPushAndPop.unsuccessfulbuild" 파일을 삭제하고 있습니다.
         "Debug\MyPushAndPop.lastbuildstate"에 연결(touching)하고 있습니다.
     1>"c:\Users\jeonghoon\documents\visual studio 2010\Projects\MyPushAndPop\MyPushAndPop.vcxproj" 프로젝트를 빌드했습니다(build 대상).

빌드했습니다.

경과 시간: 00:00:02.08
